{"uuid":"1ac7bf28-5225-44aa-b86f-645a0895f3cc","name":"Scenario: Validate all program name is reflecting in the dropdown","children":["caa397e6-e798-4030-81d0-7abae7ef93c0"],"befores":[{"name":"com.stepDefinition.Hooks.setUp()","status":"broken","statusDetails":{"known":false,"muted":false,"flaky":false,"message":"BEFORE is failed: Cannot invoke \"java.util.Properties.getProperty(String)\" because \"this.pro\" is null","trace":"java.lang.NullPointerException: Cannot invoke \"java.util.Properties.getProperty(String)\" because \"this.pro\" is null\r\n\tat com.utility.Readconfig.getApplicationURL(Readconfig.java:24)\r\n\tat com.baseClass.BaseClass.<init>(BaseClass.java:16)\r\n\tat com.stepDefinition.Hooks.setUp(Hooks.java:22)\r\n"},"stage":"finished","steps":[],"attachments":[],"parameters":[],"start":1694397702884,"stop":1694397702885}],"afters":[{"name":"com.stepDefinition.Hooks.tearDown(io.cucumber.java.Scenario)","status":"broken","statusDetails":{"known":false,"muted":false,"flaky":false,"message":"AFTER is failed: Cannot invoke \"org.openqa.selenium.WebDriver.close()\" because \"com.baseClass.BaseClass.driver\" is null","trace":"java.lang.NullPointerException: Cannot invoke \"org.openqa.selenium.WebDriver.close()\" because \"com.baseClass.BaseClass.driver\" is null\r\n\tat com.baseClass.BaseClass.teardown(BaseClass.java:43)\r\n\tat com.stepDefinition.Hooks.tearDown(Hooks.java:29)\r\n"},"stage":"finished","steps":[],"attachments":[],"parameters":[],"start":1694397702895,"stop":1694397702896}],"start":1694397702883,"stop":1694397702897}