{"uuid":"5de6961d-ba1f-4587-87ee-3526efbb5eba","name":"Scenario: Verify the text on third dropdown select students","children":["5ec3a6c9-c8b3-4ebd-8fe1-8ffded70fec2"],"befores":[{"name":"com.stepDefinition.Hooks.setUp()","status":"broken","statusDetails":{"known":false,"muted":false,"flaky":false,"message":"BEFORE is failed: Cannot invoke \"java.util.Properties.getProperty(String)\" because \"this.pro\" is null","trace":"java.lang.NullPointerException: Cannot invoke \"java.util.Properties.getProperty(String)\" because \"this.pro\" is null\r\n\tat com.utility.Readconfig.getApplicationURL(Readconfig.java:24)\r\n\tat com.baseClass.BaseClass.<init>(BaseClass.java:16)\r\n\tat com.stepDefinition.Hooks.setUp(Hooks.java:22)\r\n"},"stage":"finished","steps":[],"attachments":[],"parameters":[],"start":1694397702718,"stop":1694397702719}],"afters":[{"name":"com.stepDefinition.Hooks.tearDown(io.cucumber.java.Scenario)","status":"broken","statusDetails":{"known":false,"muted":false,"flaky":false,"message":"AFTER is failed: Cannot invoke \"org.openqa.selenium.WebDriver.close()\" because \"com.baseClass.BaseClass.driver\" is null","trace":"java.lang.NullPointerException: Cannot invoke \"org.openqa.selenium.WebDriver.close()\" because \"com.baseClass.BaseClass.driver\" is null\r\n\tat com.baseClass.BaseClass.teardown(BaseClass.java:43)\r\n\tat com.stepDefinition.Hooks.tearDown(Hooks.java:29)\r\n"},"stage":"finished","steps":[],"attachments":[],"parameters":[],"start":1694397702730,"stop":1694397702732}],"start":1694397702716,"stop":1694397702734}