{"uuid":"6df0d222-e209-4d80-8bb4-37972d0fe90d","name":"Scenario: Verify all the text inside the dropdown box is gray color  for Attendance Module","children":["522a8cb7-609f-4cba-93e6-3e915708cf6c"],"befores":[{"name":"com.stepDefinition.Hooks.setUp()","status":"broken","statusDetails":{"known":false,"muted":false,"flaky":false,"message":"BEFORE is failed: Cannot invoke \"String.equalsIgnoreCase(String)\" because \"this.browserName\" is null","trace":"java.lang.NullPointerException: Cannot invoke \"String.equalsIgnoreCase(String)\" because \"this.browserName\" is null\r\n\tat com.baseClass.BaseClass.Initialization(BaseClass.java:23)\r\n\tat com.stepDefinition.Hooks.setUp(Hooks.java:23)\r\n"},"stage":"finished","steps":[],"attachments":[],"parameters":[],"start":1694398911705,"stop":1694398911706}],"afters":[{"name":"com.stepDefinition.Hooks.tearDown(io.cucumber.java.Scenario)","status":"broken","statusDetails":{"known":false,"muted":false,"flaky":false,"message":"AFTER is failed: Cannot invoke \"org.openqa.selenium.WebDriver.close()\" because \"com.baseClass.BaseClass.driver\" is null","trace":"java.lang.NullPointerException: Cannot invoke \"org.openqa.selenium.WebDriver.close()\" because \"com.baseClass.BaseClass.driver\" is null\r\n\tat com.baseClass.BaseClass.teardown(BaseClass.java:43)\r\n\tat com.stepDefinition.Hooks.tearDown(Hooks.java:29)\r\n"},"stage":"finished","steps":[],"attachments":[],"parameters":[],"start":1694398911713,"stop":1694398911714}],"start":1694398911703,"stop":1694398911715}