{"uuid":"80168a68-036a-4c0f-8164-593c7937ac27","name":"Scenario: Verify the text on second dropdown select class  name","children":["092ca7bd-5519-479d-b2d0-86280bb858d6"],"befores":[{"name":"com.stepDefinition.Hooks.setUp()","status":"broken","statusDetails":{"known":false,"muted":false,"flaky":false,"message":"BEFORE is failed: Cannot invoke \"java.util.Properties.getProperty(String)\" because \"this.pro\" is null","trace":"java.lang.NullPointerException: Cannot invoke \"java.util.Properties.getProperty(String)\" because \"this.pro\" is null\r\n\tat com.utility.Readconfig.getApplicationURL(Readconfig.java:24)\r\n\tat com.baseClass.BaseClass.<init>(BaseClass.java:16)\r\n\tat com.stepDefinition.Hooks.setUp(Hooks.java:22)\r\n"},"stage":"finished","steps":[],"attachments":[],"parameters":[],"start":1694397702678,"stop":1694397702681}],"afters":[{"name":"com.stepDefinition.Hooks.tearDown(io.cucumber.java.Scenario)","status":"broken","statusDetails":{"known":false,"muted":false,"flaky":false,"message":"AFTER is failed: Cannot invoke \"org.openqa.selenium.WebDriver.close()\" because \"com.baseClass.BaseClass.driver\" is null","trace":"java.lang.NullPointerException: Cannot invoke \"org.openqa.selenium.WebDriver.close()\" because \"com.baseClass.BaseClass.driver\" is null\r\n\tat com.baseClass.BaseClass.teardown(BaseClass.java:43)\r\n\tat com.stepDefinition.Hooks.tearDown(Hooks.java:29)\r\n"},"stage":"finished","steps":[],"attachments":[],"parameters":[],"start":1694397702690,"stop":1694397702691}],"start":1694397702676,"stop":1694397702693}