{"uuid":"8bf3e6a8-5a78-4243-9344-79131aa397b4","name":"Scenario: Verify all the text inside the dropdown box is gray color  for Attendance Module","children":["b65fb86f-4523-4298-b9af-b898029bb67e"],"befores":[{"name":"com.stepDefinition.Hooks.setUp()","status":"broken","statusDetails":{"known":false,"muted":false,"flaky":false,"message":"BEFORE is failed: Cannot invoke \"String.equalsIgnoreCase(String)\" because \"this.browserName\" is null","trace":"java.lang.NullPointerException: Cannot invoke \"String.equalsIgnoreCase(String)\" because \"this.browserName\" is null\r\n\tat com.baseClass.BaseClass.Initialization(BaseClass.java:23)\r\n\tat com.stepDefinition.Hooks.setUp(Hooks.java:23)\r\n"},"stage":"finished","steps":[],"attachments":[],"parameters":[],"start":1694399081017,"stop":1694399081019}],"afters":[{"name":"com.stepDefinition.Hooks.tearDown(io.cucumber.java.Scenario)","status":"broken","statusDetails":{"known":false,"muted":false,"flaky":false,"message":"AFTER is failed: Cannot invoke \"org.openqa.selenium.WebDriver.close()\" because \"com.baseClass.BaseClass.driver\" is null","trace":"java.lang.NullPointerException: Cannot invoke \"org.openqa.selenium.WebDriver.close()\" because \"com.baseClass.BaseClass.driver\" is null\r\n\tat com.baseClass.BaseClass.teardown(BaseClass.java:43)\r\n\tat com.stepDefinition.Hooks.tearDown(Hooks.java:29)\r\n"},"stage":"finished","steps":[],"attachments":[],"parameters":[],"start":1694399081025,"stop":1694399081026}],"start":1694399081016,"stop":1694399081028}