{"uuid":"adb6cf6d-ece2-4c1d-a3de-501abe99d4b5","name":"Scenario: Verify the text on first dropdown select a program name","children":["8808015c-7f02-48b7-9c58-2e72a7c7171a"],"befores":[{"name":"com.stepDefinition.Hooks.setUp()","status":"broken","statusDetails":{"known":false,"muted":false,"flaky":false,"message":"BEFORE is failed: Cannot invoke \"java.util.Properties.getProperty(String)\" because \"this.pro\" is null","trace":"java.lang.NullPointerException: Cannot invoke \"java.util.Properties.getProperty(String)\" because \"this.pro\" is null\r\n\tat com.utility.Readconfig.getApplicationURL(Readconfig.java:24)\r\n\tat com.baseClass.BaseClass.<init>(BaseClass.java:16)\r\n\tat com.stepDefinition.Hooks.setUp(Hooks.java:22)\r\n"},"stage":"finished","steps":[],"attachments":[],"parameters":[],"start":1694397702629,"stop":1694397702633}],"afters":[{"name":"com.stepDefinition.Hooks.tearDown(io.cucumber.java.Scenario)","status":"broken","statusDetails":{"known":false,"muted":false,"flaky":false,"message":"AFTER is failed: Cannot invoke \"org.openqa.selenium.WebDriver.close()\" because \"com.baseClass.BaseClass.driver\" is null","trace":"java.lang.NullPointerException: Cannot invoke \"org.openqa.selenium.WebDriver.close()\" because \"com.baseClass.BaseClass.driver\" is null\r\n\tat com.baseClass.BaseClass.teardown(BaseClass.java:43)\r\n\tat com.stepDefinition.Hooks.tearDown(Hooks.java:29)\r\n"},"stage":"finished","steps":[],"attachments":[],"parameters":[],"start":1694397702652,"stop":1694397702653}],"start":1694397702627,"stop":1694397702656}