{"uuid":"dc9f609a-0664-4411-8f0d-07e56bc23f47","name":"Scenario: Validate all program name is reflecting in the dropdown","children":["e46daf13-0372-414d-9c18-6bb0b4c7bc6d"],"befores":[{"name":"com.stepDefinition.Hooks.setUp()","status":"broken","statusDetails":{"known":false,"muted":false,"flaky":false,"message":"BEFORE is failed: Cannot invoke \"String.equalsIgnoreCase(String)\" because \"this.browserName\" is null","trace":"java.lang.NullPointerException: Cannot invoke \"String.equalsIgnoreCase(String)\" because \"this.browserName\" is null\r\n\tat com.baseClass.BaseClass.Initialization(BaseClass.java:23)\r\n\tat com.stepDefinition.Hooks.setUp(Hooks.java:23)\r\n"},"stage":"finished","steps":[],"attachments":[],"parameters":[],"start":1694398911808,"stop":1694398911808}],"afters":[{"name":"com.stepDefinition.Hooks.tearDown(io.cucumber.java.Scenario)","status":"broken","statusDetails":{"known":false,"muted":false,"flaky":false,"message":"AFTER is failed: Cannot invoke \"org.openqa.selenium.WebDriver.close()\" because \"com.baseClass.BaseClass.driver\" is null","trace":"java.lang.NullPointerException: Cannot invoke \"org.openqa.selenium.WebDriver.close()\" because \"com.baseClass.BaseClass.driver\" is null\r\n\tat com.baseClass.BaseClass.teardown(BaseClass.java:43)\r\n\tat com.stepDefinition.Hooks.tearDown(Hooks.java:29)\r\n"},"stage":"finished","steps":[],"attachments":[],"parameters":[],"start":1694398911817,"stop":1694398911818}],"start":1694398911806,"stop":1694398911819}