{"uuid":"e5322ca1-7a52-439b-906f-86d06cc4abc5","name":"Scenario: Verify the text on fourth dropdown select attendance","children":["345cba55-07a5-46a8-9a50-e402c76df14c"],"befores":[{"name":"com.stepDefinition.Hooks.setUp()","status":"broken","statusDetails":{"known":false,"muted":false,"flaky":false,"message":"BEFORE is failed: Cannot invoke \"java.util.Properties.getProperty(String)\" because \"this.pro\" is null","trace":"java.lang.NullPointerException: Cannot invoke \"java.util.Properties.getProperty(String)\" because \"this.pro\" is null\r\n\tat com.utility.Readconfig.getApplicationURL(Readconfig.java:24)\r\n\tat com.baseClass.BaseClass.<init>(BaseClass.java:16)\r\n\tat com.stepDefinition.Hooks.setUp(Hooks.java:22)\r\n"},"stage":"finished","steps":[],"attachments":[],"parameters":[],"start":1694397702750,"stop":1694397702751}],"afters":[{"name":"com.stepDefinition.Hooks.tearDown(io.cucumber.java.Scenario)","status":"broken","statusDetails":{"known":false,"muted":false,"flaky":false,"message":"AFTER is failed: Cannot invoke \"org.openqa.selenium.WebDriver.close()\" because \"com.baseClass.BaseClass.driver\" is null","trace":"java.lang.NullPointerException: Cannot invoke \"org.openqa.selenium.WebDriver.close()\" because \"com.baseClass.BaseClass.driver\" is null\r\n\tat com.baseClass.BaseClass.teardown(BaseClass.java:43)\r\n\tat com.stepDefinition.Hooks.tearDown(Hooks.java:29)\r\n"},"stage":"finished","steps":[],"attachments":[],"parameters":[],"start":1694397702767,"stop":1694397702767}],"start":1694397702749,"stop":1694397702768}